"Severity","ThreadID","Date","Time","Application","Message"
"ERROR","web-0","05/16/2013","21:26:15","","Missing [;] or [line feed] after expression
	at railo.transformer.cfml.script.AbstrCFMLScriptTransformer.checkSemiColonLineFeed(AbstrCFMLScriptTransformer.java:1483):1483
	at railo.transformer.cfml.script.AbstrCFMLScriptTransformer.expressionStatement(AbstrCFMLScriptTransformer.java:1471):1471
	at railo.transformer.cfml.script.AbstrCFMLScriptTransformer.statement(AbstrCFMLScriptTransformer.java:196):196
	at railo.transformer.cfml.script.AbstrCFMLScriptTransformer.statement(AbstrCFMLScriptTransformer.java:176):176
	at railo.transformer.cfml.script.AbstrCFMLScriptTransformer.statements(AbstrCFMLScriptTransformer.java:159):159
	at railo.transformer.cfml.script.AbstrCFMLScriptTransformer.block(AbstrCFMLScriptTransformer.java:1630):1630
	at railo.transformer.cfml.script.AbstrCFMLScriptTransformer.statement(AbstrCFMLScriptTransformer.java:195):195
	at railo.transformer.cfml.script.AbstrCFMLScriptTransformer.closurePart(AbstrCFMLScriptTransformer.java:780):780
	at railo.transformer.cfml.script.AbstrCFMLScriptTransformer.funcStatement(AbstrCFMLScriptTransformer.java:624):624
	at railo.transformer.cfml.script.AbstrCFMLScriptTransformer.statement(AbstrCFMLScriptTransformer.java:187):187
	at railo.transformer.cfml.script.AbstrCFMLScriptTransformer.statement(AbstrCFMLScriptTransformer.java:176):176
	at railo.transformer.cfml.script.AbstrCFMLScriptTransformer.statements(AbstrCFMLScriptTransformer.java:159):159
	at railo.transformer.cfml.script.AbstrCFMLScriptTransformer.block(AbstrCFMLScriptTransformer.java:1630):1630
	at railo.transformer.cfml.script.AbstrCFMLScriptTransformer.statement(AbstrCFMLScriptTransformer.java:195):195
	at railo.transformer.cfml.script.AbstrCFMLScriptTransformer.__multiAttrStatement(AbstrCFMLScriptTransformer.java:937):937
	at railo.transformer.cfml.script.AbstrCFMLScriptTransformer._multiAttrStatement(AbstrCFMLScriptTransformer.java:876):876
	at railo.transformer.cfml.script.AbstrCFMLScriptTransformer.tagStatement(AbstrCFMLScriptTransformer.java:803):803
	at railo.transformer.cfml.script.AbstrCFMLScriptTransformer.statement(AbstrCFMLScriptTransformer.java:194):194
	at railo.transformer.cfml.script.AbstrCFMLScriptTransformer.statement(AbstrCFMLScriptTransformer.java:176):176
	at railo.transformer.cfml.script.AbstrCFMLScriptTransformer.statements(AbstrCFMLScriptTransformer.java:159):159
	at railo.transformer.cfml.script.AbstrCFMLScriptTransformer.statements(AbstrCFMLScriptTransformer.java:143):143
	at railo.transformer.cfml.script.CFMLScriptTransformer.transform(CFMLScriptTransformer.java:45):45
	at railo.transformer.cfml.tag.CFMLTransformer.tag(CFMLTransformer.java:591):591
	at railo.transformer.cfml.tag.CFMLTransformer.body(CFMLTransformer.java:342):342
	at railo.transformer.cfml.tag.CFMLTransformer.transform(CFMLTransformer.java:285):285
	at railo.transformer.cfml.tag.CFMLTransformer.transform(CFMLTransformer.java:187):187
	at railo.runtime.compiler.CFMLCompilerImpl.compile(CFMLCompilerImpl.java:56):56
	at railo.runtime.PageSourceImpl._compile(PageSourceImpl.java:285):285
	at railo.runtime.PageSourceImpl.compile(PageSourceImpl.java:266):266
	at railo.runtime.PageSourceImpl.loadPhysical(PageSourceImpl.java:225):225
	at railo.runtime.PageSourceImpl.loadPage(PageSourceImpl.java:154):154
	at railo.runtime.PageSourceImpl.loadPage(PageSourceImpl.java:873):873
	at railo.runtime.component.ComponentLoader.load(ComponentLoader.java:214):214
	at railo.runtime.component.ComponentLoader.loadComponent(ComponentLoader.java:39):39
	at railo.runtime.PageContextImpl.loadComponent(PageContextImpl.java:2976):2976
	at railo.runtime.functions.other.CreateObject.doComponent(CreateObject.java:152):152
	at railo.runtime.functions.other.CreateObject.call(CreateObject.java:57):57
	at railo.runtime.functions.other.CreateObject.call(CreateObject.java:37):37
	at mxunit.framework.testsuite_cfc$cf._1(/www/z_github/ColdFusion-Koans/ROOT/mxunit/framework/TestSuite.cfc:108):108
	at mxunit.framework.testsuite_cfc$cf.udfCall(/www/z_github/ColdFusion-Koans/ROOT/mxunit/framework/TestSuite.cfc):-1
	at railo.runtime.type.UDFImpl.implementation(UDFImpl.java:103):103
	at railo.runtime.type.UDFImpl._call(UDFImpl.java:371):371
	at railo.runtime.type.UDFImpl.call(UDFImpl.java:284):284
	at railo.runtime.ComponentImpl._call(ComponentImpl.java:607):607
	at railo.runtime.ComponentImpl._call(ComponentImpl.java:490):490
	at railo.runtime.ComponentImpl.call(ComponentImpl.java:1781):1781
	at railo.runtime.util.VariableUtilImpl.callFunctionWithoutNamedValues(VariableUtilImpl.java:723):723
	at railo.runtime.PageContextImpl.getFunction(PageContextImpl.java:1506):1506
	at index_cfm$cf.call(/www/z_github/ColdFusion-Koans/ROOT/index.cfm:12):12
	at railo.runtime.PageContextImpl.doInclude(PageContextImpl.java:802):802
	at railo.runtime.PageContextImpl.doInclude(PageContextImpl.java:754):754
	at railo.runtime.listener.ModernAppListener._onRequest(ModernAppListener.java:183):183
	at railo.runtime.listener.MixedAppListener.onRequest(MixedAppListener.java:18):18
	at railo.runtime.PageContextImpl.execute(PageContextImpl.java:2255):2255
	at railo.runtime.PageContextImpl.execute(PageContextImpl.java:2222):2222
	at railo.runtime.engine.CFMLEngineImpl.serviceCFML(CFMLEngineImpl.java:315):315
	at railo.loader.servlet.CFMLServlet.service(CFMLServlet.java:29):29
	at javax.servlet.http.HttpServlet.service(HttpServlet.java:728):728
	at org.apache.catalina.core.ApplicationFilterChain.internalDoFilter(ApplicationFilterChain.java:305):305
	at org.apache.catalina.core.ApplicationFilterChain.doFilter(ApplicationFilterChain.java:210):210
	at org.apache.catalina.core.StandardWrapperValve.invoke(StandardWrapperValve.java:222):222
	at org.apache.catalina.core.StandardContextValve.invoke(StandardContextValve.java:123):123
	at org.apache.catalina.core.StandardHostValve.invoke(StandardHostValve.java:171):171
	at org.apache.catalina.valves.ErrorReportValve.invoke(ErrorReportValve.java:99):99
	at org.apache.catalina.valves.AccessLogValve.invoke(AccessLogValve.java:947):947
	at org.apache.catalina.core.StandardEngineValve.invoke(StandardEngineValve.java:118):118
	at org.apache.catalina.connector.CoyoteAdapter.service(CoyoteAdapter.java:408):408
	at org.apache.coyote.http11.AbstractHttp11Processor.process(AbstractHttp11Processor.java:1009):1009
	at org.apache.coyote.AbstractProtocol$AbstractConnectionHandler.process(AbstractProtocol.java:589):589
	at org.apache.tomcat.util.net.JIoEndpoint$SocketProcessor.run(JIoEndpoint.java:310):310
	at java.util.concurrent.ThreadPoolExecutor$Worker.runTask(ThreadPoolExecutor.java:895):895
	at java.util.concurrent.ThreadPoolExecutor$Worker.run(ThreadPoolExecutor.java:918):918
	at java.lang.Thread.run(Thread.java:680):680
"
"ERROR","web-0","05/16/2013","21:27:39","","Missing [;] or [line feed] after expression
	at railo.transformer.cfml.script.AbstrCFMLScriptTransformer.checkSemiColonLineFeed(AbstrCFMLScriptTransformer.java:1483):1483
	at railo.transformer.cfml.script.AbstrCFMLScriptTransformer.expressionStatement(AbstrCFMLScriptTransformer.java:1471):1471
	at railo.transformer.cfml.script.AbstrCFMLScriptTransformer.statement(AbstrCFMLScriptTransformer.java:196):196
	at railo.transformer.cfml.script.AbstrCFMLScriptTransformer.statement(AbstrCFMLScriptTransformer.java:176):176
	at railo.transformer.cfml.script.AbstrCFMLScriptTransformer.statements(AbstrCFMLScriptTransformer.java:159):159
	at railo.transformer.cfml.script.AbstrCFMLScriptTransformer.block(AbstrCFMLScriptTransformer.java:1630):1630
	at railo.transformer.cfml.script.AbstrCFMLScriptTransformer.statement(AbstrCFMLScriptTransformer.java:195):195
	at railo.transformer.cfml.script.AbstrCFMLScriptTransformer.closurePart(AbstrCFMLScriptTransformer.java:780):780
	at railo.transformer.cfml.script.AbstrCFMLScriptTransformer.funcStatement(AbstrCFMLScriptTransformer.java:624):624
	at railo.transformer.cfml.script.AbstrCFMLScriptTransformer.statement(AbstrCFMLScriptTransformer.java:187):187
	at railo.transformer.cfml.script.AbstrCFMLScriptTransformer.statement(AbstrCFMLScriptTransformer.java:176):176
	at railo.transformer.cfml.script.AbstrCFMLScriptTransformer.statements(AbstrCFMLScriptTransformer.java:159):159
	at railo.transformer.cfml.script.AbstrCFMLScriptTransformer.block(AbstrCFMLScriptTransformer.java:1630):1630
	at railo.transformer.cfml.script.AbstrCFMLScriptTransformer.statement(AbstrCFMLScriptTransformer.java:195):195
	at railo.transformer.cfml.script.AbstrCFMLScriptTransformer.__multiAttrStatement(AbstrCFMLScriptTransformer.java:937):937
	at railo.transformer.cfml.script.AbstrCFMLScriptTransformer._multiAttrStatement(AbstrCFMLScriptTransformer.java:876):876
	at railo.transformer.cfml.script.AbstrCFMLScriptTransformer.tagStatement(AbstrCFMLScriptTransformer.java:803):803
	at railo.transformer.cfml.script.AbstrCFMLScriptTransformer.statement(AbstrCFMLScriptTransformer.java:194):194
	at railo.transformer.cfml.script.AbstrCFMLScriptTransformer.statement(AbstrCFMLScriptTransformer.java:176):176
	at railo.transformer.cfml.script.AbstrCFMLScriptTransformer.statements(AbstrCFMLScriptTransformer.java:159):159
	at railo.transformer.cfml.script.AbstrCFMLScriptTransformer.statements(AbstrCFMLScriptTransformer.java:143):143
	at railo.transformer.cfml.script.CFMLScriptTransformer.transform(CFMLScriptTransformer.java:45):45
	at railo.transformer.cfml.tag.CFMLTransformer.tag(CFMLTransformer.java:591):591
	at railo.transformer.cfml.tag.CFMLTransformer.body(CFMLTransformer.java:342):342
	at railo.transformer.cfml.tag.CFMLTransformer.transform(CFMLTransformer.java:285):285
	at railo.transformer.cfml.tag.CFMLTransformer.transform(CFMLTransformer.java:187):187
	at railo.runtime.compiler.CFMLCompilerImpl.compile(CFMLCompilerImpl.java:56):56
	at railo.runtime.PageSourceImpl._compile(PageSourceImpl.java:285):285
	at railo.runtime.PageSourceImpl.compile(PageSourceImpl.java:266):266
	at railo.runtime.PageSourceImpl.loadPhysical(PageSourceImpl.java:225):225
	at railo.runtime.PageSourceImpl.loadPage(PageSourceImpl.java:154):154
	at railo.runtime.PageSourceImpl.loadPage(PageSourceImpl.java:873):873
	at railo.runtime.component.ComponentLoader.load(ComponentLoader.java:214):214
	at railo.runtime.component.ComponentLoader.loadComponent(ComponentLoader.java:39):39
	at railo.runtime.PageContextImpl.loadComponent(PageContextImpl.java:2976):2976
	at railo.runtime.functions.other.CreateObject.doComponent(CreateObject.java:152):152
	at railo.runtime.functions.other.CreateObject.call(CreateObject.java:57):57
	at railo.runtime.functions.other.CreateObject.call(CreateObject.java:37):37
	at mxunit.framework.testsuite_cfc$cf._1(/www/z_github/ColdFusion-Koans/ROOT/mxunit/framework/TestSuite.cfc:108):108
	at mxunit.framework.testsuite_cfc$cf.udfCall(/www/z_github/ColdFusion-Koans/ROOT/mxunit/framework/TestSuite.cfc):-1
	at railo.runtime.type.UDFImpl.implementation(UDFImpl.java:103):103
	at railo.runtime.type.UDFImpl._call(UDFImpl.java:371):371
	at railo.runtime.type.UDFImpl.call(UDFImpl.java:284):284
	at railo.runtime.ComponentImpl._call(ComponentImpl.java:607):607
	at railo.runtime.ComponentImpl._call(ComponentImpl.java:490):490
	at railo.runtime.ComponentImpl.call(ComponentImpl.java:1781):1781
	at railo.runtime.util.VariableUtilImpl.callFunctionWithoutNamedValues(VariableUtilImpl.java:723):723
	at railo.runtime.PageContextImpl.getFunction(PageContextImpl.java:1506):1506
	at index_cfm$cf.call(/www/z_github/ColdFusion-Koans/ROOT/index.cfm:12):12
	at railo.runtime.PageContextImpl.doInclude(PageContextImpl.java:802):802
	at railo.runtime.PageContextImpl.doInclude(PageContextImpl.java:754):754
	at railo.runtime.listener.ModernAppListener._onRequest(ModernAppListener.java:183):183
	at railo.runtime.listener.MixedAppListener.onRequest(MixedAppListener.java:18):18
	at railo.runtime.PageContextImpl.execute(PageContextImpl.java:2255):2255
	at railo.runtime.PageContextImpl.execute(PageContextImpl.java:2222):2222
	at railo.runtime.engine.CFMLEngineImpl.serviceCFML(CFMLEngineImpl.java:315):315
	at railo.loader.servlet.CFMLServlet.service(CFMLServlet.java:29):29
	at javax.servlet.http.HttpServlet.service(HttpServlet.java:728):728
	at org.apache.catalina.core.ApplicationFilterChain.internalDoFilter(ApplicationFilterChain.java:305):305
	at org.apache.catalina.core.ApplicationFilterChain.doFilter(ApplicationFilterChain.java:210):210
	at org.apache.catalina.core.StandardWrapperValve.invoke(StandardWrapperValve.java:222):222
	at org.apache.catalina.core.StandardContextValve.invoke(StandardContextValve.java:123):123
	at org.apache.catalina.core.StandardHostValve.invoke(StandardHostValve.java:171):171
	at org.apache.catalina.valves.ErrorReportValve.invoke(ErrorReportValve.java:99):99
	at org.apache.catalina.valves.AccessLogValve.invoke(AccessLogValve.java:947):947
	at org.apache.catalina.core.StandardEngineValve.invoke(StandardEngineValve.java:118):118
	at org.apache.catalina.connector.CoyoteAdapter.service(CoyoteAdapter.java:408):408
	at org.apache.coyote.http11.AbstractHttp11Processor.process(AbstractHttp11Processor.java:1009):1009
	at org.apache.coyote.AbstractProtocol$AbstractConnectionHandler.process(AbstractProtocol.java:589):589
	at org.apache.tomcat.util.net.JIoEndpoint$SocketProcessor.run(JIoEndpoint.java:310):310
	at java.util.concurrent.ThreadPoolExecutor$Worker.runTask(ThreadPoolExecutor.java:895):895
	at java.util.concurrent.ThreadPoolExecutor$Worker.run(ThreadPoolExecutor.java:918):918
	at java.lang.Thread.run(Thread.java:680):680
"
"ERROR","web-0","05/16/2013","21:27:58","","too many Attributes in function call [ListRemoveDuplicates]
	at railo.transformer.cfml.expression.AbstrCFMLExprTransformer.getFunctionMember(AbstrCFMLExprTransformer.java:1624):1624
	at railo.transformer.cfml.expression.AbstrCFMLExprTransformer.startElement(AbstrCFMLExprTransformer.java:1399):1399
	at railo.transformer.cfml.expression.AbstrCFMLExprTransformer.dynamic(AbstrCFMLExprTransformer.java:1179):1179
	at railo.transformer.cfml.expression.AbstrCFMLExprTransformer.checker(AbstrCFMLExprTransformer.java:927):927
	at railo.transformer.cfml.expression.AbstrCFMLExprTransformer.clip(AbstrCFMLExprTransformer.java:895):895
	at railo.transformer.cfml.expression.AbstrCFMLExprTransformer.negatePlusMinusOp(AbstrCFMLExprTransformer.java:883):883
	at railo.transformer.cfml.expression.AbstrCFMLExprTransformer.unaryOp(AbstrCFMLExprTransformer.java:827):827
	at railo.transformer.cfml.expression.AbstrCFMLExprTransformer.expoOp(AbstrCFMLExprTransformer.java:816):816
	at railo.transformer.cfml.expression.AbstrCFMLExprTransformer.divMultiOp(AbstrCFMLExprTransformer.java:762):762
	at railo.transformer.cfml.expression.AbstrCFMLExprTransformer.modOp(AbstrCFMLExprTransformer.java:730):730
	at railo.transformer.cfml.expression.AbstrCFMLExprTransformer.plusMinusOp(AbstrCFMLExprTransformer.java:679):679
	at railo.transformer.cfml.expression.AbstrCFMLExprTransformer.concatOp(AbstrCFMLExprTransformer.java:648):648
	at railo.transformer.cfml.expression.AbstrCFMLExprTransformer.decsionOp(AbstrCFMLExprTransformer.java:481):481
	at railo.transformer.cfml.expression.AbstrCFMLExprTransformer.notOp(AbstrCFMLExprTransformer.java:466):466
	at railo.transformer.cfml.expression.AbstrCFMLExprTransformer.andOp(AbstrCFMLExprTransformer.java:436):436
	at railo.transformer.cfml.expression.AbstrCFMLExprTransformer.orOp(AbstrCFMLExprTransformer.java:417):417
	at railo.transformer.cfml.expression.AbstrCFMLExprTransformer.xorOp(AbstrCFMLExprTransformer.java:399):399
	at railo.transformer.cfml.expression.AbstrCFMLExprTransformer.eqvOp(AbstrCFMLExprTransformer.java:382):382
	at railo.transformer.cfml.expression.AbstrCFMLExprTransformer.impOp(AbstrCFMLExprTransformer.java:365):365
	at railo.transformer.cfml.expression.AbstrCFMLExprTransformer.conditionalOp(AbstrCFMLExprTransformer.java:342):342
	at railo.transformer.cfml.expression.AbstrCFMLExprTransformer.assignOp(AbstrCFMLExprTransformer.java:325):325
	at railo.transformer.cfml.expression.AbstrCFMLExprTransformer.assignOp(AbstrCFMLExprTransformer.java:332):332
	at railo.transformer.cfml.expression.AbstrCFMLExprTransformer.expression(AbstrCFMLExprTransformer.java:274):274
	at railo.transformer.cfml.script.CFMLScriptTransformer.expression(CFMLScriptTransformer.java:53):53
	at railo.transformer.cfml.script.AbstrCFMLScriptTransformer.expressionStatement(AbstrCFMLScriptTransformer.java:1470):1470
	at railo.transformer.cfml.script.AbstrCFMLScriptTransformer.statement(AbstrCFMLScriptTransformer.java:196):196
	at railo.transformer.cfml.script.AbstrCFMLScriptTransformer.statement(AbstrCFMLScriptTransformer.java:176):176
	at railo.transformer.cfml.script.AbstrCFMLScriptTransformer.statements(AbstrCFMLScriptTransformer.java:159):159
	at railo.transformer.cfml.script.AbstrCFMLScriptTransformer.block(AbstrCFMLScriptTransformer.java:1630):1630
	at railo.transformer.cfml.script.AbstrCFMLScriptTransformer.statement(AbstrCFMLScriptTransformer.java:195):195
	at railo.transformer.cfml.script.AbstrCFMLScriptTransformer.closurePart(AbstrCFMLScriptTransformer.java:780):780
	at railo.transformer.cfml.script.AbstrCFMLScriptTransformer.funcStatement(AbstrCFMLScriptTransformer.java:624):624
	at railo.transformer.cfml.script.AbstrCFMLScriptTransformer.statement(AbstrCFMLScriptTransformer.java:187):187
	at railo.transformer.cfml.script.AbstrCFMLScriptTransformer.statement(AbstrCFMLScriptTransformer.java:176):176
	at railo.transformer.cfml.script.AbstrCFMLScriptTransformer.statements(AbstrCFMLScriptTransformer.java:159):159
	at railo.transformer.cfml.script.AbstrCFMLScriptTransformer.block(AbstrCFMLScriptTransformer.java:1630):1630
	at railo.transformer.cfml.script.AbstrCFMLScriptTransformer.statement(AbstrCFMLScriptTransformer.java:195):195
	at railo.transformer.cfml.script.AbstrCFMLScriptTransformer.__multiAttrStatement(AbstrCFMLScriptTransformer.java:937):937
	at railo.transformer.cfml.script.AbstrCFMLScriptTransformer._multiAttrStatement(AbstrCFMLScriptTransformer.java:876):876
	at railo.transformer.cfml.script.AbstrCFMLScriptTransformer.tagStatement(AbstrCFMLScriptTransformer.java:803):803
	at railo.transformer.cfml.script.AbstrCFMLScriptTransformer.statement(AbstrCFMLScriptTransformer.java:194):194
	at railo.transformer.cfml.script.AbstrCFMLScriptTransformer.statement(AbstrCFMLScriptTransformer.java:176):176
	at railo.transformer.cfml.script.AbstrCFMLScriptTransformer.statements(AbstrCFMLScriptTransformer.java:159):159
	at railo.transformer.cfml.script.AbstrCFMLScriptTransformer.statements(AbstrCFMLScriptTransformer.java:143):143
	at railo.transformer.cfml.script.CFMLScriptTransformer.transform(CFMLScriptTransformer.java:45):45
	at railo.transformer.cfml.tag.CFMLTransformer.tag(CFMLTransformer.java:591):591
	at railo.transformer.cfml.tag.CFMLTransformer.body(CFMLTransformer.java:342):342
	at railo.transformer.cfml.tag.CFMLTransformer.transform(CFMLTransformer.java:285):285
	at railo.transformer.cfml.tag.CFMLTransformer.transform(CFMLTransformer.java:187):187
	at railo.runtime.compiler.CFMLCompilerImpl.compile(CFMLCompilerImpl.java:56):56
	at railo.runtime.PageSourceImpl._compile(PageSourceImpl.java:285):285
	at railo.runtime.PageSourceImpl.compile(PageSourceImpl.java:266):266
	at railo.runtime.PageSourceImpl.loadPhysical(PageSourceImpl.java:225):225
	at railo.runtime.PageSourceImpl.loadPage(PageSourceImpl.java:154):154
	at railo.runtime.PageSourceImpl.loadPage(PageSourceImpl.java:873):873
	at railo.runtime.component.ComponentLoader.load(ComponentLoader.java:214):214
	at railo.runtime.component.ComponentLoader.loadComponent(ComponentLoader.java:39):39
	at railo.runtime.PageContextImpl.loadComponent(PageContextImpl.java:2976):2976
	at railo.runtime.functions.other.CreateObject.doComponent(CreateObject.java:152):152
	at railo.runtime.functions.other.CreateObject.call(CreateObject.java:57):57
	at railo.runtime.functions.other.CreateObject.call(CreateObject.java:37):37
	at mxunit.framework.testsuite_cfc$cf._1(/www/z_github/ColdFusion-Koans/ROOT/mxunit/framework/TestSuite.cfc:108):108
	at mxunit.framework.testsuite_cfc$cf.udfCall(/www/z_github/ColdFusion-Koans/ROOT/mxunit/framework/TestSuite.cfc):-1
	at railo.runtime.type.UDFImpl.implementation(UDFImpl.java:103):103
	at railo.runtime.type.UDFImpl._call(UDFImpl.java:371):371
	at railo.runtime.type.UDFImpl.call(UDFImpl.java:284):284
	at railo.runtime.ComponentImpl._call(ComponentImpl.java:607):607
	at railo.runtime.ComponentImpl._call(ComponentImpl.java:490):490
	at railo.runtime.ComponentImpl.call(ComponentImpl.java:1781):1781
	at railo.runtime.util.VariableUtilImpl.callFunctionWithoutNamedValues(VariableUtilImpl.java:723):723
	at railo.runtime.PageContextImpl.getFunction(PageContextImpl.java:1506):1506
	at index_cfm$cf.call(/www/z_github/ColdFusion-Koans/ROOT/index.cfm:16):16
	at railo.runtime.PageContextImpl.doInclude(PageContextImpl.java:802):802
	at railo.runtime.PageContextImpl.doInclude(PageContextImpl.java:754):754
	at railo.runtime.listener.ModernAppListener._onRequest(ModernAppListener.java:183):183
	at railo.runtime.listener.MixedAppListener.onRequest(MixedAppListener.java:18):18
	at railo.runtime.PageContextImpl.execute(PageContextImpl.java:2255):2255
	at railo.runtime.PageContextImpl.execute(PageContextImpl.java:2222):2222
	at railo.runtime.engine.CFMLEngineImpl.serviceCFML(CFMLEngineImpl.java:315):315
	at railo.loader.servlet.CFMLServlet.service(CFMLServlet.java:29):29
	at javax.servlet.http.HttpServlet.service(HttpServlet.java:728):728
	at org.apache.catalina.core.ApplicationFilterChain.internalDoFilter(ApplicationFilterChain.java:305):305
	at org.apache.catalina.core.ApplicationFilterChain.doFilter(ApplicationFilterChain.java:210):210
	at org.apache.catalina.core.StandardWrapperValve.invoke(StandardWrapperValve.java:222):222
	at org.apache.catalina.core.StandardContextValve.invoke(StandardContextValve.java:123):123
	at org.apache.catalina.core.StandardHostValve.invoke(StandardHostValve.java:171):171
	at org.apache.catalina.valves.ErrorReportValve.invoke(ErrorReportValve.java:99):99
	at org.apache.catalina.valves.AccessLogValve.invoke(AccessLogValve.java:947):947
	at org.apache.catalina.core.StandardEngineValve.invoke(StandardEngineValve.java:118):118
	at org.apache.catalina.connector.CoyoteAdapter.service(CoyoteAdapter.java:408):408
	at org.apache.coyote.http11.AbstractHttp11Processor.process(AbstractHttp11Processor.java:1009):1009
	at org.apache.coyote.AbstractProtocol$AbstractConnectionHandler.process(AbstractProtocol.java:589):589
	at org.apache.tomcat.util.net.JIoEndpoint$SocketProcessor.run(JIoEndpoint.java:312):312
	at java.util.concurrent.ThreadPoolExecutor$Worker.runTask(ThreadPoolExecutor.java:895):895
	at java.util.concurrent.ThreadPoolExecutor$Worker.run(ThreadPoolExecutor.java:918):918
	at java.lang.Thread.run(Thread.java:680):680
"
"ERROR","web-0","05/16/2013","21:31:18","","Missing [;] or [line feed] after expression
	at railo.transformer.cfml.script.AbstrCFMLScriptTransformer.checkSemiColonLineFeed(AbstrCFMLScriptTransformer.java:1483):1483
	at railo.transformer.cfml.script.AbstrCFMLScriptTransformer.expressionStatement(AbstrCFMLScriptTransformer.java:1471):1471
	at railo.transformer.cfml.script.AbstrCFMLScriptTransformer.statement(AbstrCFMLScriptTransformer.java:196):196
	at railo.transformer.cfml.script.AbstrCFMLScriptTransformer.statement(AbstrCFMLScriptTransformer.java:176):176
	at railo.transformer.cfml.script.AbstrCFMLScriptTransformer.statements(AbstrCFMLScriptTransformer.java:159):159
	at railo.transformer.cfml.script.AbstrCFMLScriptTransformer.block(AbstrCFMLScriptTransformer.java:1630):1630
	at railo.transformer.cfml.script.AbstrCFMLScriptTransformer.statement(AbstrCFMLScriptTransformer.java:195):195
	at railo.transformer.cfml.script.AbstrCFMLScriptTransformer.closurePart(AbstrCFMLScriptTransformer.java:780):780
	at railo.transformer.cfml.script.AbstrCFMLScriptTransformer.funcStatement(AbstrCFMLScriptTransformer.java:624):624
	at railo.transformer.cfml.script.AbstrCFMLScriptTransformer.statement(AbstrCFMLScriptTransformer.java:187):187
	at railo.transformer.cfml.script.AbstrCFMLScriptTransformer.statement(AbstrCFMLScriptTransformer.java:176):176
	at railo.transformer.cfml.script.AbstrCFMLScriptTransformer.statements(AbstrCFMLScriptTransformer.java:159):159
	at railo.transformer.cfml.script.AbstrCFMLScriptTransformer.block(AbstrCFMLScriptTransformer.java:1630):1630
	at railo.transformer.cfml.script.AbstrCFMLScriptTransformer.statement(AbstrCFMLScriptTransformer.java:195):195
	at railo.transformer.cfml.script.AbstrCFMLScriptTransformer.__multiAttrStatement(AbstrCFMLScriptTransformer.java:937):937
	at railo.transformer.cfml.script.AbstrCFMLScriptTransformer._multiAttrStatement(AbstrCFMLScriptTransformer.java:876):876
	at railo.transformer.cfml.script.AbstrCFMLScriptTransformer.tagStatement(AbstrCFMLScriptTransformer.java:803):803
	at railo.transformer.cfml.script.AbstrCFMLScriptTransformer.statement(AbstrCFMLScriptTransformer.java:194):194
	at railo.transformer.cfml.script.AbstrCFMLScriptTransformer.statement(AbstrCFMLScriptTransformer.java:176):176
	at railo.transformer.cfml.script.AbstrCFMLScriptTransformer.statements(AbstrCFMLScriptTransformer.java:159):159
	at railo.transformer.cfml.script.AbstrCFMLScriptTransformer.statements(AbstrCFMLScriptTransformer.java:143):143
	at railo.transformer.cfml.script.CFMLScriptTransformer.transform(CFMLScriptTransformer.java:45):45
	at railo.transformer.cfml.tag.CFMLTransformer.tag(CFMLTransformer.java:591):591
	at railo.transformer.cfml.tag.CFMLTransformer.body(CFMLTransformer.java:342):342
	at railo.transformer.cfml.tag.CFMLTransformer.transform(CFMLTransformer.java:285):285
	at railo.transformer.cfml.tag.CFMLTransformer.transform(CFMLTransformer.java:187):187
	at railo.runtime.compiler.CFMLCompilerImpl.compile(CFMLCompilerImpl.java:56):56
	at railo.runtime.PageSourceImpl._compile(PageSourceImpl.java:285):285
	at railo.runtime.PageSourceImpl.compile(PageSourceImpl.java:266):266
	at railo.runtime.PageSourceImpl.loadPhysical(PageSourceImpl.java:210):210
	at railo.runtime.PageSourceImpl.loadPage(PageSourceImpl.java:154):154
	at railo.runtime.PageSourceImpl.loadPage(PageSourceImpl.java:873):873
	at railo.runtime.component.ComponentLoader.load(ComponentLoader.java:214):214
	at railo.runtime.component.ComponentLoader.loadComponent(ComponentLoader.java:39):39
	at railo.runtime.PageContextImpl.loadComponent(PageContextImpl.java:2976):2976
	at railo.runtime.functions.other.CreateObject.doComponent(CreateObject.java:152):152
	at railo.runtime.functions.other.CreateObject.call(CreateObject.java:57):57
	at railo.runtime.functions.other.CreateObject.call(CreateObject.java:37):37
	at mxunit.framework.testsuite_cfc$cf._1(/www/z_github/ColdFusion-Koans/ROOT/mxunit/framework/TestSuite.cfc:108):108
	at mxunit.framework.testsuite_cfc$cf.udfCall(/www/z_github/ColdFusion-Koans/ROOT/mxunit/framework/TestSuite.cfc):-1
	at railo.runtime.type.UDFImpl.implementation(UDFImpl.java:103):103
	at railo.runtime.type.UDFImpl._call(UDFImpl.java:371):371
	at railo.runtime.type.UDFImpl.call(UDFImpl.java:284):284
	at railo.runtime.ComponentImpl._call(ComponentImpl.java:607):607
	at railo.runtime.ComponentImpl._call(ComponentImpl.java:490):490
	at railo.runtime.ComponentImpl.call(ComponentImpl.java:1781):1781
	at railo.runtime.util.VariableUtilImpl.callFunctionWithoutNamedValues(VariableUtilImpl.java:723):723
	at railo.runtime.PageContextImpl.getFunction(PageContextImpl.java:1506):1506
	at index_cfm$cf.call(/www/z_github/ColdFusion-Koans/ROOT/index.cfm:12):12
	at railo.runtime.PageContextImpl.doInclude(PageContextImpl.java:802):802
	at railo.runtime.PageContextImpl.doInclude(PageContextImpl.java:754):754
	at railo.runtime.listener.ModernAppListener._onRequest(ModernAppListener.java:183):183
	at railo.runtime.listener.MixedAppListener.onRequest(MixedAppListener.java:18):18
	at railo.runtime.PageContextImpl.execute(PageContextImpl.java:2255):2255
	at railo.runtime.PageContextImpl.execute(PageContextImpl.java:2222):2222
	at railo.runtime.engine.CFMLEngineImpl.serviceCFML(CFMLEngineImpl.java:315):315
	at railo.loader.servlet.CFMLServlet.service(CFMLServlet.java:29):29
	at javax.servlet.http.HttpServlet.service(HttpServlet.java:728):728
	at org.apache.catalina.core.ApplicationFilterChain.internalDoFilter(ApplicationFilterChain.java:305):305
	at org.apache.catalina.core.ApplicationFilterChain.doFilter(ApplicationFilterChain.java:210):210
	at org.apache.catalina.core.StandardWrapperValve.invoke(StandardWrapperValve.java:222):222
	at org.apache.catalina.core.StandardContextValve.invoke(StandardContextValve.java:123):123
	at org.apache.catalina.core.StandardHostValve.invoke(StandardHostValve.java:171):171
	at org.apache.catalina.valves.ErrorReportValve.invoke(ErrorReportValve.java:99):99
	at org.apache.catalina.valves.AccessLogValve.invoke(AccessLogValve.java:947):947
	at org.apache.catalina.core.StandardEngineValve.invoke(StandardEngineValve.java:118):118
	at org.apache.catalina.connector.CoyoteAdapter.service(CoyoteAdapter.java:408):408
	at org.apache.coyote.http11.AbstractHttp11Processor.process(AbstractHttp11Processor.java:1009):1009
	at org.apache.coyote.AbstractProtocol$AbstractConnectionHandler.process(AbstractProtocol.java:589):589
	at org.apache.tomcat.util.net.JIoEndpoint$SocketProcessor.run(JIoEndpoint.java:310):310
	at java.util.concurrent.ThreadPoolExecutor$Worker.runTask(ThreadPoolExecutor.java:895):895
	at java.util.concurrent.ThreadPoolExecutor$Worker.run(ThreadPoolExecutor.java:918):918
	at java.lang.Thread.run(Thread.java:680):680
"
"ERROR","web-0","05/16/2013","21:31:45","","Missing [;] or [line feed] after expression
	at railo.transformer.cfml.script.AbstrCFMLScriptTransformer.checkSemiColonLineFeed(AbstrCFMLScriptTransformer.java:1483):1483
	at railo.transformer.cfml.script.AbstrCFMLScriptTransformer.expressionStatement(AbstrCFMLScriptTransformer.java:1471):1471
	at railo.transformer.cfml.script.AbstrCFMLScriptTransformer.statement(AbstrCFMLScriptTransformer.java:196):196
	at railo.transformer.cfml.script.AbstrCFMLScriptTransformer.statement(AbstrCFMLScriptTransformer.java:176):176
	at railo.transformer.cfml.script.AbstrCFMLScriptTransformer.statements(AbstrCFMLScriptTransformer.java:159):159
	at railo.transformer.cfml.script.AbstrCFMLScriptTransformer.block(AbstrCFMLScriptTransformer.java:1630):1630
	at railo.transformer.cfml.script.AbstrCFMLScriptTransformer.statement(AbstrCFMLScriptTransformer.java:195):195
	at railo.transformer.cfml.script.AbstrCFMLScriptTransformer.closurePart(AbstrCFMLScriptTransformer.java:780):780
	at railo.transformer.cfml.script.AbstrCFMLScriptTransformer.funcStatement(AbstrCFMLScriptTransformer.java:624):624
	at railo.transformer.cfml.script.AbstrCFMLScriptTransformer.statement(AbstrCFMLScriptTransformer.java:187):187
	at railo.transformer.cfml.script.AbstrCFMLScriptTransformer.statement(AbstrCFMLScriptTransformer.java:176):176
	at railo.transformer.cfml.script.AbstrCFMLScriptTransformer.statements(AbstrCFMLScriptTransformer.java:159):159
	at railo.transformer.cfml.script.AbstrCFMLScriptTransformer.block(AbstrCFMLScriptTransformer.java:1630):1630
	at railo.transformer.cfml.script.AbstrCFMLScriptTransformer.statement(AbstrCFMLScriptTransformer.java:195):195
	at railo.transformer.cfml.script.AbstrCFMLScriptTransformer.__multiAttrStatement(AbstrCFMLScriptTransformer.java:937):937
	at railo.transformer.cfml.script.AbstrCFMLScriptTransformer._multiAttrStatement(AbstrCFMLScriptTransformer.java:876):876
	at railo.transformer.cfml.script.AbstrCFMLScriptTransformer.tagStatement(AbstrCFMLScriptTransformer.java:803):803
	at railo.transformer.cfml.script.AbstrCFMLScriptTransformer.statement(AbstrCFMLScriptTransformer.java:194):194
	at railo.transformer.cfml.script.AbstrCFMLScriptTransformer.statement(AbstrCFMLScriptTransformer.java:176):176
	at railo.transformer.cfml.script.AbstrCFMLScriptTransformer.statements(AbstrCFMLScriptTransformer.java:159):159
	at railo.transformer.cfml.script.AbstrCFMLScriptTransformer.statements(AbstrCFMLScriptTransformer.java:143):143
	at railo.transformer.cfml.script.CFMLScriptTransformer.transform(CFMLScriptTransformer.java:45):45
	at railo.transformer.cfml.tag.CFMLTransformer.tag(CFMLTransformer.java:591):591
	at railo.transformer.cfml.tag.CFMLTransformer.body(CFMLTransformer.java:342):342
	at railo.transformer.cfml.tag.CFMLTransformer.transform(CFMLTransformer.java:285):285
	at railo.transformer.cfml.tag.CFMLTransformer.transform(CFMLTransformer.java:187):187
	at railo.runtime.compiler.CFMLCompilerImpl.compile(CFMLCompilerImpl.java:56):56
	at railo.runtime.PageSourceImpl._compile(PageSourceImpl.java:285):285
	at railo.runtime.PageSourceImpl.compile(PageSourceImpl.java:266):266
	at railo.runtime.PageSourceImpl.loadPhysical(PageSourceImpl.java:210):210
	at railo.runtime.PageSourceImpl.loadPage(PageSourceImpl.java:154):154
	at railo.runtime.PageSourceImpl.loadPage(PageSourceImpl.java:873):873
	at railo.runtime.component.ComponentLoader.load(ComponentLoader.java:214):214
	at railo.runtime.component.ComponentLoader.loadComponent(ComponentLoader.java:39):39
	at railo.runtime.PageContextImpl.loadComponent(PageContextImpl.java:2976):2976
	at railo.runtime.functions.other.CreateObject.doComponent(CreateObject.java:152):152
	at railo.runtime.functions.other.CreateObject.call(CreateObject.java:57):57
	at railo.runtime.functions.other.CreateObject.call(CreateObject.java:37):37
	at mxunit.framework.testsuite_cfc$cf._1(/www/z_github/ColdFusion-Koans/ROOT/mxunit/framework/TestSuite.cfc:108):108
	at mxunit.framework.testsuite_cfc$cf.udfCall(/www/z_github/ColdFusion-Koans/ROOT/mxunit/framework/TestSuite.cfc):-1
	at railo.runtime.type.UDFImpl.implementation(UDFImpl.java:103):103
	at railo.runtime.type.UDFImpl._call(UDFImpl.java:371):371
	at railo.runtime.type.UDFImpl.call(UDFImpl.java:284):284
	at railo.runtime.ComponentImpl._call(ComponentImpl.java:607):607
	at railo.runtime.ComponentImpl._call(ComponentImpl.java:490):490
	at railo.runtime.ComponentImpl.call(ComponentImpl.java:1781):1781
	at railo.runtime.util.VariableUtilImpl.callFunctionWithoutNamedValues(VariableUtilImpl.java:723):723
	at railo.runtime.PageContextImpl.getFunction(PageContextImpl.java:1506):1506
	at index_cfm$cf.call(/www/z_github/ColdFusion-Koans/ROOT/index.cfm:12):12
	at railo.runtime.PageContextImpl.doInclude(PageContextImpl.java:802):802
	at railo.runtime.PageContextImpl.doInclude(PageContextImpl.java:754):754
	at railo.runtime.listener.ModernAppListener._onRequest(ModernAppListener.java:183):183
	at railo.runtime.listener.MixedAppListener.onRequest(MixedAppListener.java:18):18
	at railo.runtime.PageContextImpl.execute(PageContextImpl.java:2255):2255
	at railo.runtime.PageContextImpl.execute(PageContextImpl.java:2222):2222
	at railo.runtime.engine.CFMLEngineImpl.serviceCFML(CFMLEngineImpl.java:315):315
	at railo.loader.servlet.CFMLServlet.service(CFMLServlet.java:29):29
	at javax.servlet.http.HttpServlet.service(HttpServlet.java:728):728
	at org.apache.catalina.core.ApplicationFilterChain.internalDoFilter(ApplicationFilterChain.java:305):305
	at org.apache.catalina.core.ApplicationFilterChain.doFilter(ApplicationFilterChain.java:210):210
	at org.apache.catalina.core.StandardWrapperValve.invoke(StandardWrapperValve.java:222):222
	at org.apache.catalina.core.StandardContextValve.invoke(StandardContextValve.java:123):123
	at org.apache.catalina.core.StandardHostValve.invoke(StandardHostValve.java:171):171
	at org.apache.catalina.valves.ErrorReportValve.invoke(ErrorReportValve.java:99):99
	at org.apache.catalina.valves.AccessLogValve.invoke(AccessLogValve.java:947):947
	at org.apache.catalina.core.StandardEngineValve.invoke(StandardEngineValve.java:118):118
	at org.apache.catalina.connector.CoyoteAdapter.service(CoyoteAdapter.java:408):408
	at org.apache.coyote.http11.AbstractHttp11Processor.process(AbstractHttp11Processor.java:1009):1009
	at org.apache.coyote.AbstractProtocol$AbstractConnectionHandler.process(AbstractProtocol.java:589):589
	at org.apache.tomcat.util.net.JIoEndpoint$SocketProcessor.run(JIoEndpoint.java:310):310
	at java.util.concurrent.ThreadPoolExecutor$Worker.runTask(ThreadPoolExecutor.java:895):895
	at java.util.concurrent.ThreadPoolExecutor$Worker.run(ThreadPoolExecutor.java:918):918
	at java.lang.Thread.run(Thread.java:680):680
"
"ERROR","web-0","05/16/2013","21:34:51","","too many Attributes in function call [ListRemoveDuplicates]
	at railo.transformer.cfml.expression.AbstrCFMLExprTransformer.getFunctionMember(AbstrCFMLExprTransformer.java:1624):1624
	at railo.transformer.cfml.expression.AbstrCFMLExprTransformer.startElement(AbstrCFMLExprTransformer.java:1399):1399
	at railo.transformer.cfml.expression.AbstrCFMLExprTransformer.dynamic(AbstrCFMLExprTransformer.java:1179):1179
	at railo.transformer.cfml.expression.AbstrCFMLExprTransformer.checker(AbstrCFMLExprTransformer.java:927):927
	at railo.transformer.cfml.expression.AbstrCFMLExprTransformer.clip(AbstrCFMLExprTransformer.java:895):895
	at railo.transformer.cfml.expression.AbstrCFMLExprTransformer.negatePlusMinusOp(AbstrCFMLExprTransformer.java:883):883
	at railo.transformer.cfml.expression.AbstrCFMLExprTransformer.unaryOp(AbstrCFMLExprTransformer.java:827):827
	at railo.transformer.cfml.expression.AbstrCFMLExprTransformer.expoOp(AbstrCFMLExprTransformer.java:816):816
	at railo.transformer.cfml.expression.AbstrCFMLExprTransformer.divMultiOp(AbstrCFMLExprTransformer.java:762):762
	at railo.transformer.cfml.expression.AbstrCFMLExprTransformer.modOp(AbstrCFMLExprTransformer.java:730):730
	at railo.transformer.cfml.expression.AbstrCFMLExprTransformer.plusMinusOp(AbstrCFMLExprTransformer.java:679):679
	at railo.transformer.cfml.expression.AbstrCFMLExprTransformer.concatOp(AbstrCFMLExprTransformer.java:648):648
	at railo.transformer.cfml.expression.AbstrCFMLExprTransformer.decsionOp(AbstrCFMLExprTransformer.java:481):481
	at railo.transformer.cfml.expression.AbstrCFMLExprTransformer.notOp(AbstrCFMLExprTransformer.java:466):466
	at railo.transformer.cfml.expression.AbstrCFMLExprTransformer.andOp(AbstrCFMLExprTransformer.java:436):436
	at railo.transformer.cfml.expression.AbstrCFMLExprTransformer.orOp(AbstrCFMLExprTransformer.java:417):417
	at railo.transformer.cfml.expression.AbstrCFMLExprTransformer.xorOp(AbstrCFMLExprTransformer.java:399):399
	at railo.transformer.cfml.expression.AbstrCFMLExprTransformer.eqvOp(AbstrCFMLExprTransformer.java:382):382
	at railo.transformer.cfml.expression.AbstrCFMLExprTransformer.impOp(AbstrCFMLExprTransformer.java:365):365
	at railo.transformer.cfml.expression.AbstrCFMLExprTransformer.conditionalOp(AbstrCFMLExprTransformer.java:342):342
	at railo.transformer.cfml.expression.AbstrCFMLExprTransformer.assignOp(AbstrCFMLExprTransformer.java:325):325
	at railo.transformer.cfml.expression.AbstrCFMLExprTransformer.assignOp(AbstrCFMLExprTransformer.java:332):332
	at railo.transformer.cfml.expression.AbstrCFMLExprTransformer.expression(AbstrCFMLExprTransformer.java:274):274
	at railo.transformer.cfml.script.CFMLScriptTransformer.expression(CFMLScriptTransformer.java:53):53
	at railo.transformer.cfml.script.AbstrCFMLScriptTransformer.expressionStatement(AbstrCFMLScriptTransformer.java:1470):1470
	at railo.transformer.cfml.script.AbstrCFMLScriptTransformer.statement(AbstrCFMLScriptTransformer.java:196):196
	at railo.transformer.cfml.script.AbstrCFMLScriptTransformer.statement(AbstrCFMLScriptTransformer.java:176):176
	at railo.transformer.cfml.script.AbstrCFMLScriptTransformer.statements(AbstrCFMLScriptTransformer.java:159):159
	at railo.transformer.cfml.script.AbstrCFMLScriptTransformer.block(AbstrCFMLScriptTransformer.java:1630):1630
	at railo.transformer.cfml.script.AbstrCFMLScriptTransformer.statement(AbstrCFMLScriptTransformer.java:195):195
	at railo.transformer.cfml.script.AbstrCFMLScriptTransformer.closurePart(AbstrCFMLScriptTransformer.java:780):780
	at railo.transformer.cfml.script.AbstrCFMLScriptTransformer.funcStatement(AbstrCFMLScriptTransformer.java:624):624
	at railo.transformer.cfml.script.AbstrCFMLScriptTransformer.statement(AbstrCFMLScriptTransformer.java:187):187
	at railo.transformer.cfml.script.AbstrCFMLScriptTransformer.statement(AbstrCFMLScriptTransformer.java:176):176
	at railo.transformer.cfml.script.AbstrCFMLScriptTransformer.statements(AbstrCFMLScriptTransformer.java:159):159
	at railo.transformer.cfml.script.AbstrCFMLScriptTransformer.block(AbstrCFMLScriptTransformer.java:1630):1630
	at railo.transformer.cfml.script.AbstrCFMLScriptTransformer.statement(AbstrCFMLScriptTransformer.java:195):195
	at railo.transformer.cfml.script.AbstrCFMLScriptTransformer.__multiAttrStatement(AbstrCFMLScriptTransformer.java:937):937
	at railo.transformer.cfml.script.AbstrCFMLScriptTransformer._multiAttrStatement(AbstrCFMLScriptTransformer.java:876):876
	at railo.transformer.cfml.script.AbstrCFMLScriptTransformer.tagStatement(AbstrCFMLScriptTransformer.java:803):803
	at railo.transformer.cfml.script.AbstrCFMLScriptTransformer.statement(AbstrCFMLScriptTransformer.java:194):194
	at railo.transformer.cfml.script.AbstrCFMLScriptTransformer.statement(AbstrCFMLScriptTransformer.java:176):176
	at railo.transformer.cfml.script.AbstrCFMLScriptTransformer.statements(AbstrCFMLScriptTransformer.java:159):159
	at railo.transformer.cfml.script.AbstrCFMLScriptTransformer.statements(AbstrCFMLScriptTransformer.java:143):143
	at railo.transformer.cfml.script.CFMLScriptTransformer.transform(CFMLScriptTransformer.java:45):45
	at railo.transformer.cfml.tag.CFMLTransformer.tag(CFMLTransformer.java:591):591
	at railo.transformer.cfml.tag.CFMLTransformer.body(CFMLTransformer.java:342):342
	at railo.transformer.cfml.tag.CFMLTransformer.transform(CFMLTransformer.java:285):285
	at railo.transformer.cfml.tag.CFMLTransformer.transform(CFMLTransformer.java:187):187
	at railo.runtime.compiler.CFMLCompilerImpl.compile(CFMLCompilerImpl.java:56):56
	at railo.runtime.PageSourceImpl._compile(PageSourceImpl.java:285):285
	at railo.runtime.PageSourceImpl.compile(PageSourceImpl.java:266):266
	at railo.runtime.PageSourceImpl.loadPhysical(PageSourceImpl.java:225):225
	at railo.runtime.PageSourceImpl.loadPage(PageSourceImpl.java:154):154
	at railo.runtime.PageSourceImpl.loadPage(PageSourceImpl.java:873):873
	at railo.runtime.component.ComponentLoader.load(ComponentLoader.java:214):214
	at railo.runtime.component.ComponentLoader.loadComponent(ComponentLoader.java:39):39
	at railo.runtime.PageContextImpl.loadComponent(PageContextImpl.java:2976):2976
	at railo.runtime.functions.other.CreateObject.doComponent(CreateObject.java:152):152
	at railo.runtime.functions.other.CreateObject.call(CreateObject.java:57):57
	at railo.runtime.functions.other.CreateObject.call(CreateObject.java:37):37
	at mxunit.framework.testsuite_cfc$cf._1(/www/z_github/ColdFusion-Koans/ROOT/mxunit/framework/TestSuite.cfc:108):108
	at mxunit.framework.testsuite_cfc$cf.udfCall(/www/z_github/ColdFusion-Koans/ROOT/mxunit/framework/TestSuite.cfc):-1
	at railo.runtime.type.UDFImpl.implementation(UDFImpl.java:103):103
	at railo.runtime.type.UDFImpl._call(UDFImpl.java:371):371
	at railo.runtime.type.UDFImpl.call(UDFImpl.java:284):284
	at railo.runtime.ComponentImpl._call(ComponentImpl.java:607):607
	at railo.runtime.ComponentImpl._call(ComponentImpl.java:490):490
	at railo.runtime.ComponentImpl.call(ComponentImpl.java:1781):1781
	at railo.runtime.util.VariableUtilImpl.callFunctionWithoutNamedValues(VariableUtilImpl.java:723):723
	at railo.runtime.PageContextImpl.getFunction(PageContextImpl.java:1506):1506
	at index_cfm$cf.call(/www/z_github/ColdFusion-Koans/ROOT/index.cfm:16):16
	at railo.runtime.PageContextImpl.doInclude(PageContextImpl.java:802):802
	at railo.runtime.PageContextImpl.doInclude(PageContextImpl.java:754):754
	at railo.runtime.listener.ModernAppListener._onRequest(ModernAppListener.java:183):183
	at railo.runtime.listener.MixedAppListener.onRequest(MixedAppListener.java:18):18
	at railo.runtime.PageContextImpl.execute(PageContextImpl.java:2255):2255
	at railo.runtime.PageContextImpl.execute(PageContextImpl.java:2222):2222
	at railo.runtime.engine.CFMLEngineImpl.serviceCFML(CFMLEngineImpl.java:315):315
	at railo.loader.servlet.CFMLServlet.service(CFMLServlet.java:29):29
	at javax.servlet.http.HttpServlet.service(HttpServlet.java:728):728
	at org.apache.catalina.core.ApplicationFilterChain.internalDoFilter(ApplicationFilterChain.java:305):305
	at org.apache.catalina.core.ApplicationFilterChain.doFilter(ApplicationFilterChain.java:210):210
	at org.apache.catalina.core.StandardWrapperValve.invoke(StandardWrapperValve.java:222):222
	at org.apache.catalina.core.StandardContextValve.invoke(StandardContextValve.java:123):123
	at org.apache.catalina.core.StandardHostValve.invoke(StandardHostValve.java:171):171
	at org.apache.catalina.valves.ErrorReportValve.invoke(ErrorReportValve.java:99):99
	at org.apache.catalina.valves.AccessLogValve.invoke(AccessLogValve.java:947):947
	at org.apache.catalina.core.StandardEngineValve.invoke(StandardEngineValve.java:118):118
	at org.apache.catalina.connector.CoyoteAdapter.service(CoyoteAdapter.java:408):408
	at org.apache.coyote.http11.AbstractHttp11Processor.process(AbstractHttp11Processor.java:1009):1009
	at org.apache.coyote.AbstractProtocol$AbstractConnectionHandler.process(AbstractProtocol.java:589):589
	at org.apache.tomcat.util.net.JIoEndpoint$SocketProcessor.run(JIoEndpoint.java:310):310
	at java.util.concurrent.ThreadPoolExecutor$Worker.runTask(ThreadPoolExecutor.java:895):895
	at java.util.concurrent.ThreadPoolExecutor$Worker.run(ThreadPoolExecutor.java:918):918
	at java.lang.Thread.run(Thread.java:680):680
"
"ERROR","web-0","05/17/2013","17:24:47","","too many Attributes in function call [ListRemoveDuplicates]
	at railo.transformer.cfml.expression.AbstrCFMLExprTransformer.getFunctionMember(AbstrCFMLExprTransformer.java:1624):1624
	at railo.transformer.cfml.expression.AbstrCFMLExprTransformer.startElement(AbstrCFMLExprTransformer.java:1399):1399
	at railo.transformer.cfml.expression.AbstrCFMLExprTransformer.dynamic(AbstrCFMLExprTransformer.java:1179):1179
	at railo.transformer.cfml.expression.AbstrCFMLExprTransformer.checker(AbstrCFMLExprTransformer.java:927):927
	at railo.transformer.cfml.expression.AbstrCFMLExprTransformer.clip(AbstrCFMLExprTransformer.java:895):895
	at railo.transformer.cfml.expression.AbstrCFMLExprTransformer.negatePlusMinusOp(AbstrCFMLExprTransformer.java:883):883
	at railo.transformer.cfml.expression.AbstrCFMLExprTransformer.unaryOp(AbstrCFMLExprTransformer.java:827):827
	at railo.transformer.cfml.expression.AbstrCFMLExprTransformer.expoOp(AbstrCFMLExprTransformer.java:816):816
	at railo.transformer.cfml.expression.AbstrCFMLExprTransformer.divMultiOp(AbstrCFMLExprTransformer.java:762):762
	at railo.transformer.cfml.expression.AbstrCFMLExprTransformer.modOp(AbstrCFMLExprTransformer.java:730):730
	at railo.transformer.cfml.expression.AbstrCFMLExprTransformer.plusMinusOp(AbstrCFMLExprTransformer.java:679):679
	at railo.transformer.cfml.expression.AbstrCFMLExprTransformer.concatOp(AbstrCFMLExprTransformer.java:648):648
	at railo.transformer.cfml.expression.AbstrCFMLExprTransformer.decsionOp(AbstrCFMLExprTransformer.java:481):481
	at railo.transformer.cfml.expression.AbstrCFMLExprTransformer.notOp(AbstrCFMLExprTransformer.java:466):466
	at railo.transformer.cfml.expression.AbstrCFMLExprTransformer.andOp(AbstrCFMLExprTransformer.java:436):436
	at railo.transformer.cfml.expression.AbstrCFMLExprTransformer.orOp(AbstrCFMLExprTransformer.java:417):417
	at railo.transformer.cfml.expression.AbstrCFMLExprTransformer.xorOp(AbstrCFMLExprTransformer.java:399):399
	at railo.transformer.cfml.expression.AbstrCFMLExprTransformer.eqvOp(AbstrCFMLExprTransformer.java:382):382
	at railo.transformer.cfml.expression.AbstrCFMLExprTransformer.impOp(AbstrCFMLExprTransformer.java:365):365
	at railo.transformer.cfml.expression.AbstrCFMLExprTransformer.conditionalOp(AbstrCFMLExprTransformer.java:342):342
	at railo.transformer.cfml.expression.AbstrCFMLExprTransformer.assignOp(AbstrCFMLExprTransformer.java:325):325
	at railo.transformer.cfml.expression.AbstrCFMLExprTransformer.assignOp(AbstrCFMLExprTransformer.java:332):332
	at railo.transformer.cfml.expression.AbstrCFMLExprTransformer.expression(AbstrCFMLExprTransformer.java:274):274
	at railo.transformer.cfml.script.CFMLScriptTransformer.expression(CFMLScriptTransformer.java:53):53
	at railo.transformer.cfml.script.AbstrCFMLScriptTransformer.expressionStatement(AbstrCFMLScriptTransformer.java:1470):1470
	at railo.transformer.cfml.script.AbstrCFMLScriptTransformer.statement(AbstrCFMLScriptTransformer.java:196):196
	at railo.transformer.cfml.script.AbstrCFMLScriptTransformer.statement(AbstrCFMLScriptTransformer.java:176):176
	at railo.transformer.cfml.script.AbstrCFMLScriptTransformer.statements(AbstrCFMLScriptTransformer.java:159):159
	at railo.transformer.cfml.script.AbstrCFMLScriptTransformer.block(AbstrCFMLScriptTransformer.java:1630):1630
	at railo.transformer.cfml.script.AbstrCFMLScriptTransformer.statement(AbstrCFMLScriptTransformer.java:195):195
	at railo.transformer.cfml.script.AbstrCFMLScriptTransformer.closurePart(AbstrCFMLScriptTransformer.java:780):780
	at railo.transformer.cfml.script.AbstrCFMLScriptTransformer.funcStatement(AbstrCFMLScriptTransformer.java:624):624
	at railo.transformer.cfml.script.AbstrCFMLScriptTransformer.statement(AbstrCFMLScriptTransformer.java:187):187
	at railo.transformer.cfml.script.AbstrCFMLScriptTransformer.statement(AbstrCFMLScriptTransformer.java:176):176
	at railo.transformer.cfml.script.AbstrCFMLScriptTransformer.statements(AbstrCFMLScriptTransformer.java:159):159
	at railo.transformer.cfml.script.AbstrCFMLScriptTransformer.block(AbstrCFMLScriptTransformer.java:1630):1630
	at railo.transformer.cfml.script.AbstrCFMLScriptTransformer.statement(AbstrCFMLScriptTransformer.java:195):195
	at railo.transformer.cfml.script.AbstrCFMLScriptTransformer.__multiAttrStatement(AbstrCFMLScriptTransformer.java:937):937
	at railo.transformer.cfml.script.AbstrCFMLScriptTransformer._multiAttrStatement(AbstrCFMLScriptTransformer.java:876):876
	at railo.transformer.cfml.script.AbstrCFMLScriptTransformer.tagStatement(AbstrCFMLScriptTransformer.java:803):803
	at railo.transformer.cfml.script.AbstrCFMLScriptTransformer.statement(AbstrCFMLScriptTransformer.java:194):194
	at railo.transformer.cfml.script.AbstrCFMLScriptTransformer.statement(AbstrCFMLScriptTransformer.java:176):176
	at railo.transformer.cfml.script.AbstrCFMLScriptTransformer.statements(AbstrCFMLScriptTransformer.java:159):159
	at railo.transformer.cfml.script.AbstrCFMLScriptTransformer.statements(AbstrCFMLScriptTransformer.java:143):143
	at railo.transformer.cfml.script.CFMLScriptTransformer.transform(CFMLScriptTransformer.java:45):45
	at railo.transformer.cfml.tag.CFMLTransformer.tag(CFMLTransformer.java:591):591
	at railo.transformer.cfml.tag.CFMLTransformer.body(CFMLTransformer.java:342):342
	at railo.transformer.cfml.tag.CFMLTransformer.transform(CFMLTransformer.java:285):285
	at railo.transformer.cfml.tag.CFMLTransformer.transform(CFMLTransformer.java:187):187
	at railo.runtime.compiler.CFMLCompilerImpl.compile(CFMLCompilerImpl.java:56):56
	at railo.runtime.PageSourceImpl._compile(PageSourceImpl.java:285):285
	at railo.runtime.PageSourceImpl.compile(PageSourceImpl.java:266):266
	at railo.runtime.PageSourceImpl.loadPhysical(PageSourceImpl.java:242):242
	at railo.runtime.PageSourceImpl.loadPage(PageSourceImpl.java:154):154
	at railo.runtime.PageSourceImpl.loadPage(PageSourceImpl.java:873):873
	at railo.runtime.component.ComponentLoader.load(ComponentLoader.java:214):214
	at railo.runtime.component.ComponentLoader.loadComponent(ComponentLoader.java:39):39
	at railo.runtime.PageContextImpl.loadComponent(PageContextImpl.java:2976):2976
	at railo.runtime.functions.other.CreateObject.doComponent(CreateObject.java:152):152
	at railo.runtime.functions.other.CreateObject.call(CreateObject.java:57):57
	at railo.runtime.functions.other.CreateObject.call(CreateObject.java:37):37
	at mxunit.framework.testsuite_cfc$cf._1(/www/z_github/ColdFusion-Koans/ROOT/mxunit/framework/TestSuite.cfc:108):108
	at mxunit.framework.testsuite_cfc$cf.udfCall(/www/z_github/ColdFusion-Koans/ROOT/mxunit/framework/TestSuite.cfc):-1
	at railo.runtime.type.UDFImpl.implementation(UDFImpl.java:103):103
	at railo.runtime.type.UDFImpl._call(UDFImpl.java:371):371
	at railo.runtime.type.UDFImpl.call(UDFImpl.java:284):284
	at railo.runtime.ComponentImpl._call(ComponentImpl.java:607):607
	at railo.runtime.ComponentImpl._call(ComponentImpl.java:490):490
	at railo.runtime.ComponentImpl.call(ComponentImpl.java:1781):1781
	at railo.runtime.util.VariableUtilImpl.callFunctionWithoutNamedValues(VariableUtilImpl.java:723):723
	at railo.runtime.PageContextImpl.getFunction(PageContextImpl.java:1506):1506
	at index_cfm$cf.call(/www/z_github/ColdFusion-Koans/ROOT/index.cfm:16):16
	at railo.runtime.PageContextImpl.doInclude(PageContextImpl.java:802):802
	at railo.runtime.PageContextImpl.doInclude(PageContextImpl.java:754):754
	at railo.runtime.listener.ModernAppListener._onRequest(ModernAppListener.java:183):183
	at railo.runtime.listener.MixedAppListener.onRequest(MixedAppListener.java:18):18
	at railo.runtime.PageContextImpl.execute(PageContextImpl.java:2255):2255
	at railo.runtime.PageContextImpl.execute(PageContextImpl.java:2222):2222
	at railo.runtime.engine.CFMLEngineImpl.serviceCFML(CFMLEngineImpl.java:315):315
	at railo.loader.servlet.CFMLServlet.service(CFMLServlet.java:29):29
	at javax.servlet.http.HttpServlet.service(HttpServlet.java:728):728
	at org.apache.catalina.core.ApplicationFilterChain.internalDoFilter(ApplicationFilterChain.java:305):305
	at org.apache.catalina.core.ApplicationFilterChain.doFilter(ApplicationFilterChain.java:210):210
	at org.apache.catalina.core.StandardWrapperValve.invoke(StandardWrapperValve.java:222):222
	at org.apache.catalina.core.StandardContextValve.invoke(StandardContextValve.java:123):123
	at org.apache.catalina.core.StandardHostValve.invoke(StandardHostValve.java:171):171
	at org.apache.catalina.valves.ErrorReportValve.invoke(ErrorReportValve.java:99):99
	at org.apache.catalina.valves.AccessLogValve.invoke(AccessLogValve.java:947):947
	at org.apache.catalina.core.StandardEngineValve.invoke(StandardEngineValve.java:118):118
	at org.apache.catalina.connector.CoyoteAdapter.service(CoyoteAdapter.java:408):408
	at org.apache.coyote.http11.AbstractHttp11Processor.process(AbstractHttp11Processor.java:1009):1009
	at org.apache.coyote.AbstractProtocol$AbstractConnectionHandler.process(AbstractProtocol.java:589):589
	at org.apache.tomcat.util.net.JIoEndpoint$SocketProcessor.run(JIoEndpoint.java:310):310
	at java.util.concurrent.ThreadPoolExecutor$Worker.runTask(ThreadPoolExecutor.java:895):895
	at java.util.concurrent.ThreadPoolExecutor$Worker.run(ThreadPoolExecutor.java:918):918
	at java.lang.Thread.run(Thread.java:680):680
"
"ERROR","web-0","05/17/2013","17:25:05","","too many Attributes in function call [ListRemoveDuplicates]
	at railo.transformer.cfml.expression.AbstrCFMLExprTransformer.getFunctionMember(AbstrCFMLExprTransformer.java:1624):1624
	at railo.transformer.cfml.expression.AbstrCFMLExprTransformer.startElement(AbstrCFMLExprTransformer.java:1399):1399
	at railo.transformer.cfml.expression.AbstrCFMLExprTransformer.dynamic(AbstrCFMLExprTransformer.java:1179):1179
	at railo.transformer.cfml.expression.AbstrCFMLExprTransformer.checker(AbstrCFMLExprTransformer.java:927):927
	at railo.transformer.cfml.expression.AbstrCFMLExprTransformer.clip(AbstrCFMLExprTransformer.java:895):895
	at railo.transformer.cfml.expression.AbstrCFMLExprTransformer.negatePlusMinusOp(AbstrCFMLExprTransformer.java:883):883
	at railo.transformer.cfml.expression.AbstrCFMLExprTransformer.unaryOp(AbstrCFMLExprTransformer.java:827):827
	at railo.transformer.cfml.expression.AbstrCFMLExprTransformer.expoOp(AbstrCFMLExprTransformer.java:816):816
	at railo.transformer.cfml.expression.AbstrCFMLExprTransformer.divMultiOp(AbstrCFMLExprTransformer.java:762):762
	at railo.transformer.cfml.expression.AbstrCFMLExprTransformer.modOp(AbstrCFMLExprTransformer.java:730):730
	at railo.transformer.cfml.expression.AbstrCFMLExprTransformer.plusMinusOp(AbstrCFMLExprTransformer.java:679):679
	at railo.transformer.cfml.expression.AbstrCFMLExprTransformer.concatOp(AbstrCFMLExprTransformer.java:648):648
	at railo.transformer.cfml.expression.AbstrCFMLExprTransformer.decsionOp(AbstrCFMLExprTransformer.java:481):481
	at railo.transformer.cfml.expression.AbstrCFMLExprTransformer.notOp(AbstrCFMLExprTransformer.java:466):466
	at railo.transformer.cfml.expression.AbstrCFMLExprTransformer.andOp(AbstrCFMLExprTransformer.java:436):436
	at railo.transformer.cfml.expression.AbstrCFMLExprTransformer.orOp(AbstrCFMLExprTransformer.java:417):417
	at railo.transformer.cfml.expression.AbstrCFMLExprTransformer.xorOp(AbstrCFMLExprTransformer.java:399):399
	at railo.transformer.cfml.expression.AbstrCFMLExprTransformer.eqvOp(AbstrCFMLExprTransformer.java:382):382
	at railo.transformer.cfml.expression.AbstrCFMLExprTransformer.impOp(AbstrCFMLExprTransformer.java:365):365
	at railo.transformer.cfml.expression.AbstrCFMLExprTransformer.conditionalOp(AbstrCFMLExprTransformer.java:342):342
	at railo.transformer.cfml.expression.AbstrCFMLExprTransformer.assignOp(AbstrCFMLExprTransformer.java:325):325
	at railo.transformer.cfml.expression.AbstrCFMLExprTransformer.assignOp(AbstrCFMLExprTransformer.java:332):332
	at railo.transformer.cfml.expression.AbstrCFMLExprTransformer.expression(AbstrCFMLExprTransformer.java:274):274
	at railo.transformer.cfml.script.CFMLScriptTransformer.expression(CFMLScriptTransformer.java:53):53
	at railo.transformer.cfml.script.AbstrCFMLScriptTransformer.expressionStatement(AbstrCFMLScriptTransformer.java:1470):1470
	at railo.transformer.cfml.script.AbstrCFMLScriptTransformer.statement(AbstrCFMLScriptTransformer.java:196):196
	at railo.transformer.cfml.script.AbstrCFMLScriptTransformer.statement(AbstrCFMLScriptTransformer.java:176):176
	at railo.transformer.cfml.script.AbstrCFMLScriptTransformer.statements(AbstrCFMLScriptTransformer.java:159):159
	at railo.transformer.cfml.script.AbstrCFMLScriptTransformer.block(AbstrCFMLScriptTransformer.java:1630):1630
	at railo.transformer.cfml.script.AbstrCFMLScriptTransformer.statement(AbstrCFMLScriptTransformer.java:195):195
	at railo.transformer.cfml.script.AbstrCFMLScriptTransformer.elseStatement(AbstrCFMLScriptTransformer.java:286):286
	at railo.transformer.cfml.script.AbstrCFMLScriptTransformer.ifStatement(AbstrCFMLScriptTransformer.java:230):230
	at railo.transformer.cfml.script.AbstrCFMLScriptTransformer.statement(AbstrCFMLScriptTransformer.java:184):184
	at railo.transformer.cfml.script.AbstrCFMLScriptTransformer.statement(AbstrCFMLScriptTransformer.java:176):176
	at railo.transformer.cfml.script.AbstrCFMLScriptTransformer.statements(AbstrCFMLScriptTransformer.java:159):159
	at railo.transformer.cfml.script.AbstrCFMLScriptTransformer.block(AbstrCFMLScriptTransformer.java:1630):1630
	at railo.transformer.cfml.script.AbstrCFMLScriptTransformer.statement(AbstrCFMLScriptTransformer.java:195):195
	at railo.transformer.cfml.script.AbstrCFMLScriptTransformer.closurePart(AbstrCFMLScriptTransformer.java:780):780
	at railo.transformer.cfml.script.AbstrCFMLScriptTransformer.funcStatement(AbstrCFMLScriptTransformer.java:624):624
	at railo.transformer.cfml.script.AbstrCFMLScriptTransformer.statement(AbstrCFMLScriptTransformer.java:187):187
	at railo.transformer.cfml.script.AbstrCFMLScriptTransformer.statement(AbstrCFMLScriptTransformer.java:176):176
	at railo.transformer.cfml.script.AbstrCFMLScriptTransformer.statements(AbstrCFMLScriptTransformer.java:159):159
	at railo.transformer.cfml.script.AbstrCFMLScriptTransformer.block(AbstrCFMLScriptTransformer.java:1630):1630
	at railo.transformer.cfml.script.AbstrCFMLScriptTransformer.statement(AbstrCFMLScriptTransformer.java:195):195
	at railo.transformer.cfml.script.AbstrCFMLScriptTransformer.__multiAttrStatement(AbstrCFMLScriptTransformer.java:937):937
	at railo.transformer.cfml.script.AbstrCFMLScriptTransformer._multiAttrStatement(AbstrCFMLScriptTransformer.java:876):876
	at railo.transformer.cfml.script.AbstrCFMLScriptTransformer.tagStatement(AbstrCFMLScriptTransformer.java:803):803
	at railo.transformer.cfml.script.AbstrCFMLScriptTransformer.statement(AbstrCFMLScriptTransformer.java:194):194
	at railo.transformer.cfml.script.AbstrCFMLScriptTransformer.statement(AbstrCFMLScriptTransformer.java:176):176
	at railo.transformer.cfml.script.AbstrCFMLScriptTransformer.statements(AbstrCFMLScriptTransformer.java:159):159
	at railo.transformer.cfml.script.AbstrCFMLScriptTransformer.statements(AbstrCFMLScriptTransformer.java:143):143
	at railo.transformer.cfml.script.CFMLScriptTransformer.transform(CFMLScriptTransformer.java:45):45
	at railo.transformer.cfml.tag.CFMLTransformer.tag(CFMLTransformer.java:591):591
	at railo.transformer.cfml.tag.CFMLTransformer.body(CFMLTransformer.java:342):342
	at railo.transformer.cfml.tag.CFMLTransformer.transform(CFMLTransformer.java:285):285
	at railo.transformer.cfml.tag.CFMLTransformer.transform(CFMLTransformer.java:187):187
	at railo.runtime.compiler.CFMLCompilerImpl.compile(CFMLCompilerImpl.java:56):56
	at railo.runtime.PageSourceImpl._compile(PageSourceImpl.java:285):285
	at railo.runtime.PageSourceImpl.compile(PageSourceImpl.java:266):266
	at railo.runtime.PageSourceImpl.loadPhysical(PageSourceImpl.java:210):210
	at railo.runtime.PageSourceImpl.loadPage(PageSourceImpl.java:154):154
	at railo.runtime.PageSourceImpl.loadPage(PageSourceImpl.java:873):873
	at railo.runtime.component.ComponentLoader.load(ComponentLoader.java:214):214
	at railo.runtime.component.ComponentLoader.loadComponent(ComponentLoader.java:39):39
	at railo.runtime.PageContextImpl.loadComponent(PageContextImpl.java:2976):2976
	at railo.runtime.functions.other.CreateObject.doComponent(CreateObject.java:152):152
	at railo.runtime.functions.other.CreateObject.call(CreateObject.java:57):57
	at railo.runtime.functions.other.CreateObject.call(CreateObject.java:37):37
	at mxunit.framework.testsuite_cfc$cf._1(/www/z_github/ColdFusion-Koans/ROOT/mxunit/framework/TestSuite.cfc:108):108
	at mxunit.framework.testsuite_cfc$cf.udfCall(/www/z_github/ColdFusion-Koans/ROOT/mxunit/framework/TestSuite.cfc):-1
	at railo.runtime.type.UDFImpl.implementation(UDFImpl.java:103):103
	at railo.runtime.type.UDFImpl._call(UDFImpl.java:371):371
	at railo.runtime.type.UDFImpl.call(UDFImpl.java:284):284
	at railo.runtime.ComponentImpl._call(ComponentImpl.java:607):607
	at railo.runtime.ComponentImpl._call(ComponentImpl.java:490):490
	at railo.runtime.ComponentImpl.call(ComponentImpl.java:1781):1781
	at railo.runtime.util.VariableUtilImpl.callFunctionWithoutNamedValues(VariableUtilImpl.java:723):723
	at railo.runtime.PageContextImpl.getFunction(PageContextImpl.java:1506):1506
	at index_cfm$cf.call(/www/z_github/ColdFusion-Koans/ROOT/index.cfm:16):16
	at railo.runtime.PageContextImpl.doInclude(PageContextImpl.java:802):802
	at railo.runtime.PageContextImpl.doInclude(PageContextImpl.java:754):754
	at railo.runtime.listener.ModernAppListener._onRequest(ModernAppListener.java:183):183
	at railo.runtime.listener.MixedAppListener.onRequest(MixedAppListener.java:18):18
	at railo.runtime.PageContextImpl.execute(PageContextImpl.java:2255):2255
	at railo.runtime.PageContextImpl.execute(PageContextImpl.java:2222):2222
	at railo.runtime.engine.CFMLEngineImpl.serviceCFML(CFMLEngineImpl.java:315):315
	at railo.loader.servlet.CFMLServlet.service(CFMLServlet.java:29):29
	at javax.servlet.http.HttpServlet.service(HttpServlet.java:728):728
	at org.apache.catalina.core.ApplicationFilterChain.internalDoFilter(ApplicationFilterChain.java:305):305
	at org.apache.catalina.core.ApplicationFilterChain.doFilter(ApplicationFilterChain.java:210):210
	at org.apache.catalina.core.StandardWrapperValve.invoke(StandardWrapperValve.java:222):222
	at org.apache.catalina.core.StandardContextValve.invoke(StandardContextValve.java:123):123
	at org.apache.catalina.core.StandardHostValve.invoke(StandardHostValve.java:171):171
	at org.apache.catalina.valves.ErrorReportValve.invoke(ErrorReportValve.java:99):99
	at org.apache.catalina.valves.AccessLogValve.invoke(AccessLogValve.java:947):947
	at org.apache.catalina.core.StandardEngineValve.invoke(StandardEngineValve.java:118):118
	at org.apache.catalina.connector.CoyoteAdapter.service(CoyoteAdapter.java:408):408
	at org.apache.coyote.http11.AbstractHttp11Processor.process(AbstractHttp11Processor.java:1009):1009
	at org.apache.coyote.AbstractProtocol$AbstractConnectionHandler.process(AbstractProtocol.java:589):589
	at org.apache.tomcat.util.net.JIoEndpoint$SocketProcessor.run(JIoEndpoint.java:312):312
	at java.util.concurrent.ThreadPoolExecutor$Worker.runTask(ThreadPoolExecutor.java:895):895
	at java.util.concurrent.ThreadPoolExecutor$Worker.run(ThreadPoolExecutor.java:918):918
	at java.lang.Thread.run(Thread.java:680):680
"
"ERROR","web-0","05/17/2013","17:27:37","","too many Attributes in function call [ListRemoveDuplicates]
	at railo.transformer.cfml.expression.AbstrCFMLExprTransformer.getFunctionMember(AbstrCFMLExprTransformer.java:1624):1624
	at railo.transformer.cfml.expression.AbstrCFMLExprTransformer.startElement(AbstrCFMLExprTransformer.java:1399):1399
	at railo.transformer.cfml.expression.AbstrCFMLExprTransformer.dynamic(AbstrCFMLExprTransformer.java:1179):1179
	at railo.transformer.cfml.expression.AbstrCFMLExprTransformer.checker(AbstrCFMLExprTransformer.java:927):927
	at railo.transformer.cfml.expression.AbstrCFMLExprTransformer.clip(AbstrCFMLExprTransformer.java:895):895
	at railo.transformer.cfml.expression.AbstrCFMLExprTransformer.negatePlusMinusOp(AbstrCFMLExprTransformer.java:883):883
	at railo.transformer.cfml.expression.AbstrCFMLExprTransformer.unaryOp(AbstrCFMLExprTransformer.java:827):827
	at railo.transformer.cfml.expression.AbstrCFMLExprTransformer.expoOp(AbstrCFMLExprTransformer.java:816):816
	at railo.transformer.cfml.expression.AbstrCFMLExprTransformer.divMultiOp(AbstrCFMLExprTransformer.java:762):762
	at railo.transformer.cfml.expression.AbstrCFMLExprTransformer.modOp(AbstrCFMLExprTransformer.java:730):730
	at railo.transformer.cfml.expression.AbstrCFMLExprTransformer.plusMinusOp(AbstrCFMLExprTransformer.java:679):679
	at railo.transformer.cfml.expression.AbstrCFMLExprTransformer.concatOp(AbstrCFMLExprTransformer.java:648):648
	at railo.transformer.cfml.expression.AbstrCFMLExprTransformer.decsionOp(AbstrCFMLExprTransformer.java:481):481
	at railo.transformer.cfml.expression.AbstrCFMLExprTransformer.notOp(AbstrCFMLExprTransformer.java:466):466
	at railo.transformer.cfml.expression.AbstrCFMLExprTransformer.andOp(AbstrCFMLExprTransformer.java:436):436
	at railo.transformer.cfml.expression.AbstrCFMLExprTransformer.orOp(AbstrCFMLExprTransformer.java:417):417
	at railo.transformer.cfml.expression.AbstrCFMLExprTransformer.xorOp(AbstrCFMLExprTransformer.java:399):399
	at railo.transformer.cfml.expression.AbstrCFMLExprTransformer.eqvOp(AbstrCFMLExprTransformer.java:382):382
	at railo.transformer.cfml.expression.AbstrCFMLExprTransformer.impOp(AbstrCFMLExprTransformer.java:365):365
	at railo.transformer.cfml.expression.AbstrCFMLExprTransformer.conditionalOp(AbstrCFMLExprTransformer.java:342):342
	at railo.transformer.cfml.expression.AbstrCFMLExprTransformer.assignOp(AbstrCFMLExprTransformer.java:325):325
	at railo.transformer.cfml.expression.AbstrCFMLExprTransformer.assignOp(AbstrCFMLExprTransformer.java:332):332
	at railo.transformer.cfml.expression.AbstrCFMLExprTransformer.expression(AbstrCFMLExprTransformer.java:274):274
	at railo.transformer.cfml.script.CFMLScriptTransformer.expression(CFMLScriptTransformer.java:53):53
	at railo.transformer.cfml.script.AbstrCFMLScriptTransformer.expressionStatement(AbstrCFMLScriptTransformer.java:1470):1470
	at railo.transformer.cfml.script.AbstrCFMLScriptTransformer.statement(AbstrCFMLScriptTransformer.java:196):196
	at railo.transformer.cfml.script.AbstrCFMLScriptTransformer.statement(AbstrCFMLScriptTransformer.java:176):176
	at railo.transformer.cfml.script.AbstrCFMLScriptTransformer.statements(AbstrCFMLScriptTransformer.java:159):159
	at railo.transformer.cfml.script.AbstrCFMLScriptTransformer.block(AbstrCFMLScriptTransformer.java:1630):1630
	at railo.transformer.cfml.script.AbstrCFMLScriptTransformer.statement(AbstrCFMLScriptTransformer.java:195):195
	at railo.transformer.cfml.script.AbstrCFMLScriptTransformer.elseStatement(AbstrCFMLScriptTransformer.java:286):286
	at railo.transformer.cfml.script.AbstrCFMLScriptTransformer.ifStatement(AbstrCFMLScriptTransformer.java:230):230
	at railo.transformer.cfml.script.AbstrCFMLScriptTransformer.statement(AbstrCFMLScriptTransformer.java:184):184
	at railo.transformer.cfml.script.AbstrCFMLScriptTransformer.statement(AbstrCFMLScriptTransformer.java:176):176
	at railo.transformer.cfml.script.AbstrCFMLScriptTransformer.statements(AbstrCFMLScriptTransformer.java:159):159
	at railo.transformer.cfml.script.AbstrCFMLScriptTransformer.block(AbstrCFMLScriptTransformer.java:1630):1630
	at railo.transformer.cfml.script.AbstrCFMLScriptTransformer.statement(AbstrCFMLScriptTransformer.java:195):195
	at railo.transformer.cfml.script.AbstrCFMLScriptTransformer.closurePart(AbstrCFMLScriptTransformer.java:780):780
	at railo.transformer.cfml.script.AbstrCFMLScriptTransformer.funcStatement(AbstrCFMLScriptTransformer.java:624):624
	at railo.transformer.cfml.script.AbstrCFMLScriptTransformer.statement(AbstrCFMLScriptTransformer.java:187):187
	at railo.transformer.cfml.script.AbstrCFMLScriptTransformer.statement(AbstrCFMLScriptTransformer.java:176):176
	at railo.transformer.cfml.script.AbstrCFMLScriptTransformer.statements(AbstrCFMLScriptTransformer.java:159):159
	at railo.transformer.cfml.script.AbstrCFMLScriptTransformer.block(AbstrCFMLScriptTransformer.java:1630):1630
	at railo.transformer.cfml.script.AbstrCFMLScriptTransformer.statement(AbstrCFMLScriptTransformer.java:195):195
	at railo.transformer.cfml.script.AbstrCFMLScriptTransformer.__multiAttrStatement(AbstrCFMLScriptTransformer.java:937):937
	at railo.transformer.cfml.script.AbstrCFMLScriptTransformer._multiAttrStatement(AbstrCFMLScriptTransformer.java:876):876
	at railo.transformer.cfml.script.AbstrCFMLScriptTransformer.tagStatement(AbstrCFMLScriptTransformer.java:803):803
	at railo.transformer.cfml.script.AbstrCFMLScriptTransformer.statement(AbstrCFMLScriptTransformer.java:194):194
	at railo.transformer.cfml.script.AbstrCFMLScriptTransformer.statement(AbstrCFMLScriptTransformer.java:176):176
	at railo.transformer.cfml.script.AbstrCFMLScriptTransformer.statements(AbstrCFMLScriptTransformer.java:159):159
	at railo.transformer.cfml.script.AbstrCFMLScriptTransformer.statements(AbstrCFMLScriptTransformer.java:143):143
	at railo.transformer.cfml.script.CFMLScriptTransformer.transform(CFMLScriptTransformer.java:45):45
	at railo.transformer.cfml.tag.CFMLTransformer.tag(CFMLTransformer.java:591):591
	at railo.transformer.cfml.tag.CFMLTransformer.body(CFMLTransformer.java:342):342
	at railo.transformer.cfml.tag.CFMLTransformer.transform(CFMLTransformer.java:285):285
	at railo.transformer.cfml.tag.CFMLTransformer.transform(CFMLTransformer.java:187):187
	at railo.runtime.compiler.CFMLCompilerImpl.compile(CFMLCompilerImpl.java:56):56
	at railo.runtime.PageSourceImpl._compile(PageSourceImpl.java:285):285
	at railo.runtime.PageSourceImpl.compile(PageSourceImpl.java:266):266
	at railo.runtime.PageSourceImpl.loadPhysical(PageSourceImpl.java:210):210
	at railo.runtime.PageSourceImpl.loadPage(PageSourceImpl.java:154):154
	at railo.runtime.PageSourceImpl.loadPage(PageSourceImpl.java:873):873
	at railo.runtime.component.ComponentLoader.load(ComponentLoader.java:214):214
	at railo.runtime.component.ComponentLoader.loadComponent(ComponentLoader.java:39):39
	at railo.runtime.PageContextImpl.loadComponent(PageContextImpl.java:2976):2976
	at railo.runtime.functions.other.CreateObject.doComponent(CreateObject.java:152):152
	at railo.runtime.functions.other.CreateObject.call(CreateObject.java:57):57
	at railo.runtime.functions.other.CreateObject.call(CreateObject.java:37):37
	at mxunit.framework.testsuite_cfc$cf._1(/www/z_github/ColdFusion-Koans/ROOT/mxunit/framework/TestSuite.cfc:108):108
	at mxunit.framework.testsuite_cfc$cf.udfCall(/www/z_github/ColdFusion-Koans/ROOT/mxunit/framework/TestSuite.cfc):-1
	at railo.runtime.type.UDFImpl.implementation(UDFImpl.java:103):103
	at railo.runtime.type.UDFImpl._call(UDFImpl.java:371):371
	at railo.runtime.type.UDFImpl.call(UDFImpl.java:284):284
	at railo.runtime.ComponentImpl._call(ComponentImpl.java:607):607
	at railo.runtime.ComponentImpl._call(ComponentImpl.java:490):490
	at railo.runtime.ComponentImpl.call(ComponentImpl.java:1781):1781
	at railo.runtime.util.VariableUtilImpl.callFunctionWithoutNamedValues(VariableUtilImpl.java:723):723
	at railo.runtime.PageContextImpl.getFunction(PageContextImpl.java:1506):1506
	at index_cfm$cf.call(/www/z_github/ColdFusion-Koans/ROOT/index.cfm:16):16
	at railo.runtime.PageContextImpl.doInclude(PageContextImpl.java:802):802
	at railo.runtime.PageContextImpl.doInclude(PageContextImpl.java:754):754
	at railo.runtime.listener.ModernAppListener._onRequest(ModernAppListener.java:183):183
	at railo.runtime.listener.MixedAppListener.onRequest(MixedAppListener.java:18):18
	at railo.runtime.PageContextImpl.execute(PageContextImpl.java:2255):2255
	at railo.runtime.PageContextImpl.execute(PageContextImpl.java:2222):2222
	at railo.runtime.engine.CFMLEngineImpl.serviceCFML(CFMLEngineImpl.java:315):315
	at railo.loader.servlet.CFMLServlet.service(CFMLServlet.java:29):29
	at javax.servlet.http.HttpServlet.service(HttpServlet.java:728):728
	at org.apache.catalina.core.ApplicationFilterChain.internalDoFilter(ApplicationFilterChain.java:305):305
	at org.apache.catalina.core.ApplicationFilterChain.doFilter(ApplicationFilterChain.java:210):210
	at org.apache.catalina.core.StandardWrapperValve.invoke(StandardWrapperValve.java:222):222
	at org.apache.catalina.core.StandardContextValve.invoke(StandardContextValve.java:123):123
	at org.apache.catalina.core.StandardHostValve.invoke(StandardHostValve.java:171):171
	at org.apache.catalina.valves.ErrorReportValve.invoke(ErrorReportValve.java:99):99
	at org.apache.catalina.valves.AccessLogValve.invoke(AccessLogValve.java:947):947
	at org.apache.catalina.core.StandardEngineValve.invoke(StandardEngineValve.java:118):118
	at org.apache.catalina.connector.CoyoteAdapter.service(CoyoteAdapter.java:408):408
	at org.apache.coyote.http11.AbstractHttp11Processor.process(AbstractHttp11Processor.java:1009):1009
	at org.apache.coyote.AbstractProtocol$AbstractConnectionHandler.process(AbstractProtocol.java:589):589
	at org.apache.tomcat.util.net.JIoEndpoint$SocketProcessor.run(JIoEndpoint.java:310):310
	at java.util.concurrent.ThreadPoolExecutor$Worker.runTask(ThreadPoolExecutor.java:895):895
	at java.util.concurrent.ThreadPoolExecutor$Worker.run(ThreadPoolExecutor.java:918):918
	at java.lang.Thread.run(Thread.java:680):680
"
"ERROR","web-0","05/17/2013","17:37:36","","Missing [;] or [line feed] after expression
	at railo.transformer.cfml.script.AbstrCFMLScriptTransformer.checkSemiColonLineFeed(AbstrCFMLScriptTransformer.java:1483):1483
	at railo.transformer.cfml.script.AbstrCFMLScriptTransformer.expressionStatement(AbstrCFMLScriptTransformer.java:1471):1471
	at railo.transformer.cfml.script.AbstrCFMLScriptTransformer.statement(AbstrCFMLScriptTransformer.java:196):196
	at railo.transformer.cfml.script.AbstrCFMLScriptTransformer.statement(AbstrCFMLScriptTransformer.java:176):176
	at railo.transformer.cfml.script.AbstrCFMLScriptTransformer.statements(AbstrCFMLScriptTransformer.java:159):159
	at railo.transformer.cfml.script.AbstrCFMLScriptTransformer.block(AbstrCFMLScriptTransformer.java:1630):1630
	at railo.transformer.cfml.script.AbstrCFMLScriptTransformer.statement(AbstrCFMLScriptTransformer.java:195):195
	at railo.transformer.cfml.script.AbstrCFMLScriptTransformer.elseStatement(AbstrCFMLScriptTransformer.java:286):286
	at railo.transformer.cfml.script.AbstrCFMLScriptTransformer.ifStatement(AbstrCFMLScriptTransformer.java:230):230
	at railo.transformer.cfml.script.AbstrCFMLScriptTransformer.statement(AbstrCFMLScriptTransformer.java:184):184
	at railo.transformer.cfml.script.AbstrCFMLScriptTransformer.statement(AbstrCFMLScriptTransformer.java:176):176
	at railo.transformer.cfml.script.AbstrCFMLScriptTransformer.statements(AbstrCFMLScriptTransformer.java:159):159
	at railo.transformer.cfml.script.AbstrCFMLScriptTransformer.block(AbstrCFMLScriptTransformer.java:1630):1630
	at railo.transformer.cfml.script.AbstrCFMLScriptTransformer.statement(AbstrCFMLScriptTransformer.java:195):195
	at railo.transformer.cfml.script.AbstrCFMLScriptTransformer.closurePart(AbstrCFMLScriptTransformer.java:780):780
	at railo.transformer.cfml.script.AbstrCFMLScriptTransformer.funcStatement(AbstrCFMLScriptTransformer.java:624):624
	at railo.transformer.cfml.script.AbstrCFMLScriptTransformer.statement(AbstrCFMLScriptTransformer.java:187):187
	at railo.transformer.cfml.script.AbstrCFMLScriptTransformer.statement(AbstrCFMLScriptTransformer.java:176):176
	at railo.transformer.cfml.script.AbstrCFMLScriptTransformer.statements(AbstrCFMLScriptTransformer.java:159):159
	at railo.transformer.cfml.script.AbstrCFMLScriptTransformer.block(AbstrCFMLScriptTransformer.java:1630):1630
	at railo.transformer.cfml.script.AbstrCFMLScriptTransformer.statement(AbstrCFMLScriptTransformer.java:195):195
	at railo.transformer.cfml.script.AbstrCFMLScriptTransformer.__multiAttrStatement(AbstrCFMLScriptTransformer.java:937):937
	at railo.transformer.cfml.script.AbstrCFMLScriptTransformer._multiAttrStatement(AbstrCFMLScriptTransformer.java:876):876
	at railo.transformer.cfml.script.AbstrCFMLScriptTransformer.tagStatement(AbstrCFMLScriptTransformer.java:803):803
	at railo.transformer.cfml.script.AbstrCFMLScriptTransformer.statement(AbstrCFMLScriptTransformer.java:194):194
	at railo.transformer.cfml.script.AbstrCFMLScriptTransformer.statement(AbstrCFMLScriptTransformer.java:176):176
	at railo.transformer.cfml.script.AbstrCFMLScriptTransformer.statements(AbstrCFMLScriptTransformer.java:159):159
	at railo.transformer.cfml.script.AbstrCFMLScriptTransformer.statements(AbstrCFMLScriptTransformer.java:143):143
	at railo.transformer.cfml.script.CFMLScriptTransformer.transform(CFMLScriptTransformer.java:45):45
	at railo.transformer.cfml.tag.CFMLTransformer.tag(CFMLTransformer.java:591):591
	at railo.transformer.cfml.tag.CFMLTransformer.body(CFMLTransformer.java:342):342
	at railo.transformer.cfml.tag.CFMLTransformer.transform(CFMLTransformer.java:285):285
	at railo.transformer.cfml.tag.CFMLTransformer.transform(CFMLTransformer.java:187):187
	at railo.runtime.compiler.CFMLCompilerImpl.compile(CFMLCompilerImpl.java:56):56
	at railo.runtime.PageSourceImpl._compile(PageSourceImpl.java:285):285
	at railo.runtime.PageSourceImpl.compile(PageSourceImpl.java:266):266
	at railo.runtime.PageSourceImpl.loadPhysical(PageSourceImpl.java:242):242
	at railo.runtime.PageSourceImpl.loadPage(PageSourceImpl.java:154):154
	at railo.runtime.PageSourceImpl.loadPage(PageSourceImpl.java:873):873
	at railo.runtime.component.ComponentLoader.load(ComponentLoader.java:214):214
	at railo.runtime.component.ComponentLoader.loadComponent(ComponentLoader.java:39):39
	at railo.runtime.PageContextImpl.loadComponent(PageContextImpl.java:2976):2976
	at railo.runtime.functions.other.CreateObject.doComponent(CreateObject.java:152):152
	at railo.runtime.functions.other.CreateObject.call(CreateObject.java:57):57
	at railo.runtime.functions.other.CreateObject.call(CreateObject.java:37):37
	at mxunit.framework.testsuite_cfc$cf._1(/www/z_github/ColdFusion-Koans/ROOT/mxunit/framework/TestSuite.cfc:108):108
	at mxunit.framework.testsuite_cfc$cf.udfCall(/www/z_github/ColdFusion-Koans/ROOT/mxunit/framework/TestSuite.cfc):-1
	at railo.runtime.type.UDFImpl.implementation(UDFImpl.java:103):103
	at railo.runtime.type.UDFImpl._call(UDFImpl.java:371):371
	at railo.runtime.type.UDFImpl.call(UDFImpl.java:284):284
	at railo.runtime.ComponentImpl._call(ComponentImpl.java:607):607
	at railo.runtime.ComponentImpl._call(ComponentImpl.java:490):490
	at railo.runtime.ComponentImpl.call(ComponentImpl.java:1781):1781
	at railo.runtime.util.VariableUtilImpl.callFunctionWithoutNamedValues(VariableUtilImpl.java:723):723
	at railo.runtime.PageContextImpl.getFunction(PageContextImpl.java:1506):1506
	at index_cfm$cf.call(/www/z_github/ColdFusion-Koans/ROOT/index.cfm:12):12
	at railo.runtime.PageContextImpl.doInclude(PageContextImpl.java:802):802
	at railo.runtime.PageContextImpl.doInclude(PageContextImpl.java:754):754
	at railo.runtime.listener.ModernAppListener._onRequest(ModernAppListener.java:183):183
	at railo.runtime.listener.MixedAppListener.onRequest(MixedAppListener.java:18):18
	at railo.runtime.PageContextImpl.execute(PageContextImpl.java:2255):2255
	at railo.runtime.PageContextImpl.execute(PageContextImpl.java:2222):2222
	at railo.runtime.engine.CFMLEngineImpl.serviceCFML(CFMLEngineImpl.java:315):315
	at railo.loader.servlet.CFMLServlet.service(CFMLServlet.java:29):29
	at javax.servlet.http.HttpServlet.service(HttpServlet.java:728):728
	at org.apache.catalina.core.ApplicationFilterChain.internalDoFilter(ApplicationFilterChain.java:305):305
	at org.apache.catalina.core.ApplicationFilterChain.doFilter(ApplicationFilterChain.java:210):210
	at org.apache.catalina.core.StandardWrapperValve.invoke(StandardWrapperValve.java:222):222
	at org.apache.catalina.core.StandardContextValve.invoke(StandardContextValve.java:123):123
	at org.apache.catalina.core.StandardHostValve.invoke(StandardHostValve.java:171):171
	at org.apache.catalina.valves.ErrorReportValve.invoke(ErrorReportValve.java:99):99
	at org.apache.catalina.valves.AccessLogValve.invoke(AccessLogValve.java:947):947
	at org.apache.catalina.core.StandardEngineValve.invoke(StandardEngineValve.java:118):118
	at org.apache.catalina.connector.CoyoteAdapter.service(CoyoteAdapter.java:408):408
	at org.apache.coyote.http11.AbstractHttp11Processor.process(AbstractHttp11Processor.java:1009):1009
	at org.apache.coyote.AbstractProtocol$AbstractConnectionHandler.process(AbstractProtocol.java:589):589
	at org.apache.tomcat.util.net.JIoEndpoint$SocketProcessor.run(JIoEndpoint.java:310):310
	at java.util.concurrent.ThreadPoolExecutor$Worker.runTask(ThreadPoolExecutor.java:895):895
	at java.util.concurrent.ThreadPoolExecutor$Worker.run(ThreadPoolExecutor.java:918):918
	at java.lang.Thread.run(Thread.java:680):680
"
